{
  "0 debug pnpm:scope": {
    "selected": 1
  },
  "1 error pnpm": {
    "errno": 1,
    "code": "ELIFECYCLE",
    "pkgid": "zyy-v3-ui-resolver@1.0.0",
    "stage": "build",
    "script": "vite build --config",
    "pkgname": "zyy-v3-ui-resolver",
    "err": {
      "name": "pnpm",
      "message": "zyy-v3-ui-resolver@1.0.0 build: `vite build --config`\nExit status 1",
      "code": "ELIFECYCLE",
      "stack": "pnpm: zyy-v3-ui-resolver@1.0.0 build: `vite build --config`\nExit status 1\n    at EventEmitter.<anonymous> (C:\\Users\\TZT490\\AppData\\Roaming\\npm\\node_modules\\pnpm\\dist\\pnpm.cjs:103540:20)\n    at EventEmitter.emit (events.js:400:28)\n    at ChildProcess.<anonymous> (C:\\Users\\TZT490\\AppData\\Roaming\\npm\\node_modules\\pnpm\\dist\\pnpm.cjs:91469:18)\n    at ChildProcess.emit (events.js:400:28)\n    at maybeClose (internal/child_process.js:1058:16)\n    at Process.ChildProcess._handle.onexit (internal/child_process.js:293:5)"
    }
  },
  "2 warn pnpm:global": " Local package.json exists, but node_modules missing, did you mean to install?"
}